<?xml version="1.0" encoding="UTF-8"?>
<Site BuildName="Linux-clang++"
	BuildStamp="20240531-1048-Experimental"
	Name="localhost"
	Generator="ctest-3.28.2"
	CompilerName="/usr/local/bin/clang++"
	CompilerVersion="18.1.4"
	OSName="Linux"
	Hostname="fedora.fritz.box"
	OSRelease="6.8.9-300.fc40.x86_64"
	OSVersion="#1 SMP PREEMPT_DYNAMIC Thu May  2 18:59:06 UTC 2024"
	OSPlatform="x86_64"
	Is64Bits="1"
	VendorString="GenuineIntel"
	VendorID="Intel Corporation"
	FamilyID="6"
	ModelID="140"
	ProcessorCacheSize="12288"
	NumberOfLogicalCPU="8"
	NumberOfPhysicalCPU="4"
	TotalVirtualMemory="8191"
	TotalPhysicalMemory="31923"
	LogicalProcessorsPerPhysical="2"
	ProcessorClockFrequency="4300"
	>
	<Testing>
		<StartDateTime>May 31 16:25 CEST</StartDateTime>
		<StartTestTime>1717165510</StartTestTime>
		<TestList/>
		<EndDateTime>May 31 16:25 CEST</EndDateTime>
		<EndTestTime>1717165510</EndTestTime>
		<ElapsedMinutes>0</ElapsedMinutes>
	</Testing>
</Site>
